Arguments: 
  /opt/homebrew/Cellar/nvm/0.39.1/versions/node/v17.3.0/bin/node /opt/homebrew/Cellar/yarn/1.22.17_2/libexec/bin/yarn.js dev

PATH: 
  /Users/amirmc/Projects/go/bin:/usr/local/go/bin:/opt/homebrew/opt/nvm/versions/node/v17.3.0/bin:/opt/homebrew/bin:/opt/homebrew/sbin:/usr/local/bin:/usr/bin:/bin:/usr/sbin:/sbin:/usr/local/go/bin:/Users/amirmc/.rvm/bin

Yarn version: 
  1.22.17

Node version: 
  17.3.0

Platform: 
  darwin arm64

Trace: 
  SyntaxError: /Users/amirmc/Projects/tests/auditech/versions/v1/packages/server/package.json: Unexpected token } in JSON at position 361
      at JSON.parse (<anonymous>)
      at /opt/homebrew/Cellar/yarn/1.22.17_2/libexec/lib/cli.js:1625:59
      at Generator.next (<anonymous>)
      at step (/opt/homebrew/Cellar/yarn/1.22.17_2/libexec/lib/cli.js:310:30)
      at /opt/homebrew/Cellar/yarn/1.22.17_2/libexec/lib/cli.js:321:13

npm manifest: 
  {
    "name": "server",
    "version": "1.0.0",
    "main": "index.js",
    "license": "MIT",
    "devDependencies": {
      "@types/express": "^4.17.13",
      "ts-node": "^10.4.0",
      "ts-node-dev": "^1.1.8",
      "typescript": "^4.5.5"
    },
    "dependencies": {
      "express": "^4.17.2",
      "nodemon": "^2.0.15"
    },
    "scripts": {
      "dev": "nodemon src/server.ts"
    },
  }

yarn manifest: 
  No manifest

Lockfile: 
  No lockfile
